<?xml version="1.0" encoding="UTF-8"?>
<!-- Generated by org.testng.reporters.JUnitReportReporter -->
<testsuite hostname="TTNPL-MohdAamir" failures="0" tests="3" name="moduleOne.LoginTestCase" time="45.289" errors="0" timestamp="2023-03-23T17:25:50 IST" skipped="0">
  <testcase classname="moduleOne.LoginTestCase" name="Login" time="6.945"/>
  <system-out/>
  <testcase classname="moduleOne.LoginTestCase" name="HomePageVerify" time="0.029"/>
  <system-out/>
  <testcase classname="moduleOne.LoginTestCase" name="addUser" time="38.315"/>
  <system-out/>
</testsuite> <!-- moduleOne.LoginTestCase -->
