<?xml version="1.0" encoding="UTF-8"?>
<!-- Generated by org.testng.reporters.JUnitReportReporter -->
<testsuite hostname="TTNPL-MohdAamir" failures="0" tests="1" name="moduleOne.WindowHandle" time="13.666" errors="0" timestamp="2023-03-22T17:15:02 IST" skipped="0">
  <testcase classname="moduleOne.WindowHandle" name="iframehandle" time="13.666"/>
  <system-out/>
</testsuite> <!-- moduleOne.WindowHandle -->
