<?xml version="1.0" encoding="UTF-8"?>
<!-- Generated by org.testng.reporters.JUnitReportReporter -->
<testsuite hostname="TTNPL-MohdAamir" failures="0" tests="1" name="moduleOne.ForSS" time="10.712" errors="0" timestamp="2023-03-23T11:37:41 IST" skipped="0">
  <testcase classname="moduleOne.ForSS" name="demo" time="10.712"/>
  <system-out/>
</testsuite> <!-- moduleOne.ForSS -->
