<?xml version="1.0" encoding="UTF-8"?>
<!-- Generated by org.testng.reporters.JUnitReportReporter -->
<testsuite hostname="TTNPL-MohdAamir" failures="0" tests="2" name="moduleOne.ParallelTestExe" time="3.330" errors="0" timestamp="2023-04-10T14:46:10 IST" skipped="0">
  <testcase classname="moduleOne.ParallelTestExe" name="demo" time="0.024"/>
  <system-out/>
  <testcase classname="moduleOne.ParallelTestExe" name="demo1" time="3.306"/>
  <system-out/>
</testsuite> <!-- moduleOne.ParallelTestExe -->
